1695316226482	geckodriver	INFO	Listening on 127.0.0.1:50424
1695316226805	mozrunner::runner	INFO	Running command: MOZ_CRASHREPORTER="1" MOZ_CRASHREPORTER_NO_REPORT="1" MOZ_CRASHREPORTER_SHUTDOWN="1" MOZ_NO_REMOTE="1" "/App ... s" "localhost" "-foreground" "-no-remote" "-profile" "/var/folders/pm/_byjqf3d2pq76thgssxljxnw0000gn/T/rust_mozprofilewGcGxO"
*** You are running in headless mode.
console.warn: services.settings: Ignoring preference override of remote settings server
console.warn: services.settings: Allow by setting MOZ_REMOTE_SETTINGS_DEVTOOLS=1 in the environment
1695316227190	Marionette	INFO	Marionette enabled
console.error: "Warning: unrecognized command line flag" "-window-size"
console.error: "Warning: unrecognized command line flag" "-disable-blink-features"
console.error: "Warning: unrecognized command line flag" "-lang"
console.error: "Warning: unrecognized command line flag" "-no-sandbox"
console.error: "Warning: unrecognized command line flag" "-remote-allow-hosts"
1695316227624	Marionette	INFO	Listening on port 50439
WebDriver BiDi listening on ws://127.0.0.1:50425
2023-09-21 22:10:27.705 plugin-container[5648:71262] nil host used in call to allowsSpecificHTTPSCertificateForHost
2023-09-21 22:10:27.705 plugin-container[5648:71262] nil host used in call to allowsAnyHTTPSCertificateForHost:
2023-09-21 22:10:27.710 plugin-container[5648:71262] nil host used in call to allowsSpecificHTTPSCertificateForHost
2023-09-21 22:10:27.710 plugin-container[5648:71262] nil host used in call to allowsAnyHTTPSCertificateForHost:
2023-09-21 22:10:27.711 plugin-container[5648:71295] nil host used in call to allowsSpecificHTTPSCertificateForHost
2023-09-21 22:10:27.711 plugin-container[5648:71295] nil host used in call to allowsAnyHTTPSCertificateForHost:
Read port: 50439
1695316227858	RemoteAgent	WARN	TLS certificate errors will be ignored for this session
[GFX1-]: RenderCompositorSWGL failed mapping default framebuffer, no dt
DevTools listening on ws://127.0.0.1:50425/devtools/browser/2f895772-3491-4bf6-b5e5-ee77bed85d4e
1695316435599	geckodriver	INFO	Listening on 127.0.0.1:50506
1695316436106	mozrunner::runner	INFO	Running command: MOZ_CRASHREPORTER="1" MOZ_CRASHREPORTER_NO_REPORT="1" MOZ_CRASHREPORTER_SHUTDOWN="1" MOZ_NO_REMOTE="1" "/App ... s" "localhost" "-foreground" "-no-remote" "-profile" "/var/folders/pm/_byjqf3d2pq76thgssxljxnw0000gn/T/rust_mozprofileIplrtU"
*** You are running in headless mode.
console.warn: services.settings: Ignoring preference override of remote settings server
console.warn: services.settings: Allow by setting MOZ_REMOTE_SETTINGS_DEVTOOLS=1 in the environment
1695316436482	Marionette	INFO	Marionette enabled
2023-09-21 22:13:56.847 plugin-container[5789:73595] nil host used in call to allowsSpecificHTTPSCertificateForHost
2023-09-21 22:13:56.847 plugin-container[5789:73595] nil host used in call to allowsAnyHTTPSCertificateForHost:
2023-09-21 22:13:56.852 plugin-container[5789:73595] nil host used in call to allowsSpecificHTTPSCertificateForHost
2023-09-21 22:13:56.852 plugin-container[5789:73595] nil host used in call to allowsAnyHTTPSCertificateForHost:
2023-09-21 22:13:56.852 plugin-container[5789:73598] nil host used in call to allowsSpecificHTTPSCertificateForHost
2023-09-21 22:13:56.852 plugin-container[5789:73598] nil host used in call to allowsAnyHTTPSCertificateForHost:
console.error: "Warning: unrecognized command line flag" "-window-size"
console.error: "Warning: unrecognized command line flag" "-disable-blink-features"
console.error: "Warning: unrecognized command line flag" "-lang"
console.error: "Warning: unrecognized command line flag" "-no-sandbox"
console.error: "Warning: unrecognized command line flag" "-remote-allow-hosts"
1695316436931	Marionette	INFO	Listening on port 50514
WebDriver BiDi listening on ws://127.0.0.1:50507
Read port: 50514
1695316437146	RemoteAgent	WARN	TLS certificate errors will be ignored for this session
[GFX1-]: RenderCompositorSWGL failed mapping default framebuffer, no dt
DevTools listening on ws://127.0.0.1:50507/devtools/browser/80443cc3-9e58-451c-a58a-fd761d60d246
1695316521277	geckodriver	INFO	Listening on 127.0.0.1:50560
1695316521779	mozrunner::runner	INFO	Running command: MOZ_CRASHREPORTER="1" MOZ_CRASHREPORTER_NO_REPORT="1" MOZ_CRASHREPORTER_SHUTDOWN="1" MOZ_NO_REMOTE="1" "/App ... s" "localhost" "-foreground" "-no-remote" "-profile" "/var/folders/pm/_byjqf3d2pq76thgssxljxnw0000gn/T/rust_mozprofilewP6XZ8"
*** You are running in headless mode.
console.warn: services.settings: Ignoring preference override of remote settings server
console.warn: services.settings: Allow by setting MOZ_REMOTE_SETTINGS_DEVTOOLS=1 in the environment
1695316522184	Marionette	INFO	Marionette enabled
console.error: "Warning: unrecognized command line flag" "-window-size"
console.error: "Warning: unrecognized command line flag" "-disable-blink-features"
console.error: "Warning: unrecognized command line flag" "-lang"
console.error: "Warning: unrecognized command line flag" "-no-sandbox"
console.error: "Warning: unrecognized command line flag" "-remote-allow-hosts"
1695316522629	Marionette	INFO	Listening on port 50568
WebDriver BiDi listening on ws://127.0.0.1:50561
Read port: 50568
2023-09-21 22:15:22.713 plugin-container[5893:74556] nil host used in call to allowsSpecificHTTPSCertificateForHost
2023-09-21 22:15:22.713 plugin-container[5893:74556] nil host used in call to allowsAnyHTTPSCertificateForHost:
2023-09-21 22:15:22.721 plugin-container[5893:74556] nil host used in call to allowsSpecificHTTPSCertificateForHost
2023-09-21 22:15:22.721 plugin-container[5893:74556] nil host used in call to allowsAnyHTTPSCertificateForHost:
2023-09-21 22:15:22.721 plugin-container[5893:74560] nil host used in call to allowsSpecificHTTPSCertificateForHost
2023-09-21 22:15:22.721 plugin-container[5893:74560] nil host used in call to allowsAnyHTTPSCertificateForHost:
1695316522852	RemoteAgent	WARN	TLS certificate errors will be ignored for this session
[GFX1-]: RenderCompositorSWGL failed mapping default framebuffer, no dt
DevTools listening on ws://127.0.0.1:50561/devtools/browser/ebf1f17b-1bfb-4a26-b2f6-d74f4bee2fd4
1695316530159	Marionette	INFO	Stopped listening on port 50568
1695316616670	geckodriver	INFO	Listening on 127.0.0.1:50609
1695316617173	mozrunner::runner	INFO	Running command: MOZ_CRASHREPORTER="1" MOZ_CRASHREPORTER_NO_REPORT="1" MOZ_CRASHREPORTER_SHUTDOWN="1" MOZ_NO_REMOTE="1" "/App ... s" "localhost" "-foreground" "-no-remote" "-profile" "/var/folders/pm/_byjqf3d2pq76thgssxljxnw0000gn/T/rust_mozprofileBYUnHz"
*** You are running in headless mode.
console.warn: services.settings: Ignoring preference override of remote settings server
console.warn: services.settings: Allow by setting MOZ_REMOTE_SETTINGS_DEVTOOLS=1 in the environment
1695316617546	Marionette	INFO	Marionette enabled
2023-09-21 22:16:57.922 plugin-container[5991:75630] nil host used in call to allowsSpecificHTTPSCertificateForHost
2023-09-21 22:16:57.923 plugin-container[5991:75630] nil host used in call to allowsAnyHTTPSCertificateForHost:
2023-09-21 22:16:57.966 plugin-container[5991:75630] nil host used in call to allowsSpecificHTTPSCertificateForHost
2023-09-21 22:16:57.966 plugin-container[5991:75630] nil host used in call to allowsAnyHTTPSCertificateForHost:
2023-09-21 22:16:57.966 plugin-container[5991:75632] nil host used in call to allowsSpecificHTTPSCertificateForHost
2023-09-21 22:16:57.966 plugin-container[5991:75632] nil host used in call to allowsAnyHTTPSCertificateForHost:
console.error: "Warning: unrecognized command line flag" "-window-size"
console.error: "Warning: unrecognized command line flag" "-disable-blink-features"
console.error: "Warning: unrecognized command line flag" "-lang"
console.error: "Warning: unrecognized command line flag" "-no-sandbox"
console.error: "Warning: unrecognized command line flag" "-remote-allow-hosts"
1695316618036	Marionette	INFO	Listening on port 50617
WebDriver BiDi listening on ws://127.0.0.1:50610
Read port: 50617
1695316618252	RemoteAgent	WARN	TLS certificate errors will be ignored for this session
[GFX1-]: RenderCompositorSWGL failed mapping default framebuffer, no dt
DevTools listening on ws://127.0.0.1:50610/devtools/browser/cad21e1c-0195-435c-ac80-e55e09d929d6
1695316625469	Marionette	INFO	Stopped listening on port 50617
Invalid port. Exiting...
1695317621138	geckodriver	INFO	Listening on 127.0.0.1:51081
1695317621640	mozrunner::runner	INFO	Running command: MOZ_CRASHREPORTER="1" MOZ_CRASHREPORTER_NO_REPORT="1" MOZ_CRASHREPORTER_SHUTDOWN="1" MOZ_NO_REMOTE="1" "/App ... s" "localhost" "-foreground" "-no-remote" "-profile" "/var/folders/pm/_byjqf3d2pq76thgssxljxnw0000gn/T/rust_mozprofileXs8yz5"
console.warn: services.settings: Ignoring preference override of remote settings server
console.warn: services.settings: Allow by setting MOZ_REMOTE_SETTINGS_DEVTOOLS=1 in the environment
1695317622149	Marionette	INFO	Marionette enabled
2023-09-21 22:33:42.404 plugin-container[6717:86159] nil host used in call to allowsSpecificHTTPSCertificateForHost
2023-09-21 22:33:42.405 plugin-container[6717:86159] nil host used in call to allowsAnyHTTPSCertificateForHost:
2023-09-21 22:33:42.410 plugin-container[6717:86159] nil host used in call to allowsSpecificHTTPSCertificateForHost
2023-09-21 22:33:42.410 plugin-container[6717:86159] nil host used in call to allowsAnyHTTPSCertificateForHost:
2023-09-21 22:33:42.410 plugin-container[6717:86157] nil host used in call to allowsSpecificHTTPSCertificateForHost
2023-09-21 22:33:42.410 plugin-container[6717:86157] nil host used in call to allowsAnyHTTPSCertificateForHost:
console.error: "Warning: unrecognized command line flag" "-remote-allow-hosts"
1695317622542	Marionette	INFO	Listening on port 51090
WebDriver BiDi listening on ws://127.0.0.1:51082
Read port: 51090
1695317622742	RemoteAgent	WARN	TLS certificate errors will be ignored for this session
DevTools listening on ws://127.0.0.1:51082/devtools/browser/23d4fdc3-439d-4e70-8e3f-40bb951a527a
2023-09-21 22:33:47.356 plugin-container[6720:86350] NSNotificationCenter connection invalid
JavaScript error: https://coldvain.com/ea/d5/72/ead572ab165aad9a839a6c6d01599200.js, line 1: TypeError: _0x103068.parentNode is null
JavaScript error: https://whos.amung.us/pingjs/?k=a6d6d9416362&c=s&x=https%3A%2F%2Fbflix.io%2F&v=29&r=8368&t=https://bflix.io/, line 1: ReferenceError: WAU_r_s is not defined
Exiting due to channel error.
Exiting due to channel error.
Exiting due to channel error.
Exiting due to channel error.
Exiting due to channel error.
Exiting due to channel error.
Exiting due to channel error.
1695317875060	geckodriver	INFO	Listening on 127.0.0.1:51226
1695317875564	mozrunner::runner	INFO	Running command: MOZ_CRASHREPORTER="1" MOZ_CRASHREPORTER_NO_REPORT="1" MOZ_CRASHREPORTER_SHUTDOWN="1" MOZ_NO_REMOTE="1" "/App ... s" "localhost" "-foreground" "-no-remote" "-profile" "/var/folders/pm/_byjqf3d2pq76thgssxljxnw0000gn/T/rust_mozprofile02zBvK"
*** You are running in headless mode.
console.warn: services.settings: Ignoring preference override of remote settings server
console.warn: services.settings: Allow by setting MOZ_REMOTE_SETTINGS_DEVTOOLS=1 in the environment
1695317875936	Marionette	INFO	Marionette enabled
console.error: "Warning: unrecognized command line flag" "-remote-allow-hosts"
1695317876413	Marionette	INFO	Listening on port 51234
WebDriver BiDi listening on ws://127.0.0.1:51227
Read port: 51234
2023-09-21 22:37:56.499 plugin-container[6844:88614] nil host used in call to allowsSpecificHTTPSCertificateForHost
2023-09-21 22:37:56.499 plugin-container[6844:88614] nil host used in call to allowsAnyHTTPSCertificateForHost:
2023-09-21 22:37:56.506 plugin-container[6844:88614] nil host used in call to allowsSpecificHTTPSCertificateForHost
2023-09-21 22:37:56.506 plugin-container[6844:88614] nil host used in call to allowsAnyHTTPSCertificateForHost:
2023-09-21 22:37:56.506 plugin-container[6844:88612] nil host used in call to allowsSpecificHTTPSCertificateForHost
2023-09-21 22:37:56.506 plugin-container[6844:88612] nil host used in call to allowsAnyHTTPSCertificateForHost:
1695317876648	RemoteAgent	WARN	TLS certificate errors will be ignored for this session
[GFX1-]: RenderCompositorSWGL failed mapping default framebuffer, no dt
DevTools listening on ws://127.0.0.1:51227/devtools/browser/b3e5e59b-a916-442f-96ee-4927ecec77cf
2023-09-21 22:38:00.626 plugin-container[6847:88749] NSNotificationCenter connection invalid
JavaScript error: https://coldvain.com/ea/d5/72/ead572ab165aad9a839a6c6d01599200.js, line 1: TypeError: _0x3cb2c3[_0x5bf34f(...)] is null
JavaScript error: https://whos.amung.us/pingjs/?k=a6d6d9416362&c=s&x=https%3A%2F%2Fbflix.io%2F&v=29&r=9424&t=https://bflix.io/, line 1: ReferenceError: WAU_r_s is not defined
1695317902813	Marionette	INFO	Stopped listening on port 51234
1695317916175	geckodriver	INFO	Listening on 127.0.0.1:51339
1695317916688	mozrunner::runner	INFO	Running command: MOZ_CRASHREPORTER="1" MOZ_CRASHREPORTER_NO_REPORT="1" MOZ_CRASHREPORTER_SHUTDOWN="1" MOZ_NO_REMOTE="1" "/App ... s" "localhost" "-foreground" "-no-remote" "-profile" "/var/folders/pm/_byjqf3d2pq76thgssxljxnw0000gn/T/rust_mozprofilevDc9EK"
*** You are running in headless mode.
console.warn: services.settings: Ignoring preference override of remote settings server
console.warn: services.settings: Allow by setting MOZ_REMOTE_SETTINGS_DEVTOOLS=1 in the environment
1695317917049	Marionette	INFO	Marionette enabled
2023-09-21 22:38:37.348 plugin-container[6916:89364] nil host used in call to allowsSpecificHTTPSCertificateForHost
2023-09-21 22:38:37.349 plugin-container[6916:89364] nil host used in call to allowsAnyHTTPSCertificateForHost:
2023-09-21 22:38:37.391 plugin-container[6916:89364] nil host used in call to allowsSpecificHTTPSCertificateForHost
2023-09-21 22:38:37.392 plugin-container[6916:89364] nil host used in call to allowsAnyHTTPSCertificateForHost:
2023-09-21 22:38:37.392 plugin-container[6916:89362] nil host used in call to allowsSpecificHTTPSCertificateForHost
2023-09-21 22:38:37.392 plugin-container[6916:89362] nil host used in call to allowsAnyHTTPSCertificateForHost:
console.error: "Warning: unrecognized command line flag" "-remote-allow-hosts"
1695317917516	Marionette	INFO	Listening on port 51347
WebDriver BiDi listening on ws://127.0.0.1:51340
Read port: 51347
1695317917719	RemoteAgent	WARN	TLS certificate errors will be ignored for this session
[GFX1-]: RenderCompositorSWGL failed mapping default framebuffer, no dt
DevTools listening on ws://127.0.0.1:51340/devtools/browser/a4f2e4de-79c2-4278-b91d-df8a96405058
2023-09-21 22:38:41.114 plugin-container[6919:89547] NSNotificationCenter connection invalid
JavaScript error: https://coldvain.com/ea/d5/72/ead572ab165aad9a839a6c6d01599200.js, line 1: TypeError: _0x3cb2c3[_0x5bf34f(...)] is null
JavaScript error: https://bflix.io/movie/the-quintessential-quintuplets-movie-20r64/1-1, line 12: TypeError: pr is null
JavaScript error: https://whos.amung.us/pingjs/?k=a6d6d9416362&c=s&x=https%3A%2F%2Fbflix.io%2F&v=29&r=4630&t=https://bflix.io/, line 1: ReferenceError: WAU_r_s is not defined
1695317923012	Marionette	INFO	Stopped listening on port 51347
1695317949257	geckodriver	INFO	Listening on 127.0.0.1:51432
1695317949770	mozrunner::runner	INFO	Running command: MOZ_CRASHREPORTER="1" MOZ_CRASHREPORTER_NO_REPORT="1" MOZ_CRASHREPORTER_SHUTDOWN="1" MOZ_NO_REMOTE="1" "/App ... s" "localhost" "-foreground" "-no-remote" "-profile" "/var/folders/pm/_byjqf3d2pq76thgssxljxnw0000gn/T/rust_mozprofileIJl21o"
*** You are running in headless mode.
console.warn: services.settings: Ignoring preference override of remote settings server
console.warn: services.settings: Allow by setting MOZ_REMOTE_SETTINGS_DEVTOOLS=1 in the environment
1695317950141	Marionette	INFO	Marionette enabled
console.error: "Warning: unrecognized command line flag" "-remote-allow-hosts"
1695317950435	Marionette	INFO	Listening on port 51440
2023-09-21 22:39:10.471 plugin-container[6984:90073] nil host used in call to allowsSpecificHTTPSCertificateForHost
2023-09-21 22:39:10.471 plugin-container[6984:90073] nil host used in call to allowsAnyHTTPSCertificateForHost:
2023-09-21 22:39:10.475 plugin-container[6984:90073] nil host used in call to allowsSpecificHTTPSCertificateForHost
2023-09-21 22:39:10.475 plugin-container[6984:90073] nil host used in call to allowsAnyHTTPSCertificateForHost:
2023-09-21 22:39:10.475 plugin-container[6984:90082] nil host used in call to allowsSpecificHTTPSCertificateForHost
2023-09-21 22:39:10.475 plugin-container[6984:90082] nil host used in call to allowsAnyHTTPSCertificateForHost:
Read port: 51440
WebDriver BiDi listening on ws://127.0.0.1:51433
1695317950701	RemoteAgent	WARN	TLS certificate errors will be ignored for this session
[GFX1-]: RenderCompositorSWGL failed mapping default framebuffer, no dt
DevTools listening on ws://127.0.0.1:51433/devtools/browser/71eebd65-d12b-4e90-bdc3-5adf354cec21
2023-09-21 22:39:15.154 plugin-container[6988:90229] NSNotificationCenter connection invalid
JavaScript error: https://bflix.io/movie/the-quintessential-quintuplets-movie-20r64/1-1, line 12: TypeError: pr is null
JavaScript error: https://coldvain.com/ea/d5/72/ead572ab165aad9a839a6c6d01599200.js, line 1: TypeError: _0x3cb2c3[_0x5bf34f(...)] is null
JavaScript error: https://whos.amung.us/pingjs/?k=a6d6d9416362&c=s&x=https%3A%2F%2Fbflix.io%2F&v=29&r=7158&t=https://bflix.io/, line 1: ReferenceError: WAU_r_s is not defined
1695317957026	Marionette	INFO	Stopped listening on port 51440
JavaScript warning: https://cdnjs.cloudflare.com/ajax/libs/lazysizes/5.1.1/lazysizes.min.js, line 2: Script terminated by timeout at:
h@https://cdnjs.cloudflare.com/ajax/libs/lazysizes/5.1.1/lazysizes.min.js:2:2009
A/<@https://cdnjs.cloudflare.com/ajax/libs/lazysizes/5.1.1/lazysizes.min.js:2:2073

1695317996994	geckodriver	INFO	Listening on 127.0.0.1:51538
1695317997505	mozrunner::runner	INFO	Running command: MOZ_CRASHREPORTER="1" MOZ_CRASHREPORTER_NO_REPORT="1" MOZ_CRASHREPORTER_SHUTDOWN="1" MOZ_NO_REMOTE="1" "/App ... s" "localhost" "-foreground" "-no-remote" "-profile" "/var/folders/pm/_byjqf3d2pq76thgssxljxnw0000gn/T/rust_mozprofile6ZeqqW"
*** You are running in headless mode.
console.warn: services.settings: Ignoring preference override of remote settings server
console.warn: services.settings: Allow by setting MOZ_REMOTE_SETTINGS_DEVTOOLS=1 in the environment
1695317997885	Marionette	INFO	Marionette enabled
console.error: "Warning: unrecognized command line flag" "-window-size"
console.error: "Warning: unrecognized command line flag" "-remote-allow-hosts"
1695317998233	Marionette	INFO	Listening on port 51546
2023-09-21 22:39:58.304 plugin-container[7052:90815] nil host used in call to allowsSpecificHTTPSCertificateForHost
2023-09-21 22:39:58.304 plugin-container[7052:90815] nil host used in call to allowsAnyHTTPSCertificateForHost:
2023-09-21 22:39:58.309 plugin-container[7052:90815] nil host used in call to allowsSpecificHTTPSCertificateForHost
2023-09-21 22:39:58.309 plugin-container[7052:90815] nil host used in call to allowsAnyHTTPSCertificateForHost:
2023-09-21 22:39:58.309 plugin-container[7052:90812] nil host used in call to allowsSpecificHTTPSCertificateForHost
2023-09-21 22:39:58.309 plugin-container[7052:90812] nil host used in call to allowsAnyHTTPSCertificateForHost:
Read port: 51546
WebDriver BiDi listening on ws://127.0.0.1:51539
1695317998474	RemoteAgent	WARN	TLS certificate errors will be ignored for this session
[GFX1-]: RenderCompositorSWGL failed mapping default framebuffer, no dt
DevTools listening on ws://127.0.0.1:51539/devtools/browser/933f9487-376c-4839-a67f-0243d74c7ee5
2023-09-21 22:40:01.984 plugin-container[7055:91019] NSNotificationCenter connection invalid
JavaScript error: https://coldvain.com/ea/d5/72/ead572ab165aad9a839a6c6d01599200.js, line 1: TypeError: _0x3cb2c3[_0x5bf34f(...)] is null
JavaScript error: https://whos.amung.us/pingjs/?k=a6d6d9416362&c=s&x=https%3A%2F%2Fbflix.io%2F&v=29&r=5031&t=https://bflix.io/, line 1: ReferenceError: WAU_r_s is not defined
1695318004460	Marionette	INFO	Stopped listening on port 51546
1695318047858	geckodriver	INFO	Listening on 127.0.0.1:51645
1695318048370	mozrunner::runner	INFO	Running command: MOZ_CRASHREPORTER="1" MOZ_CRASHREPORTER_NO_REPORT="1" MOZ_CRASHREPORTER_SHUTDOWN="1" MOZ_NO_REMOTE="1" "/App ... s" "localhost" "-foreground" "-no-remote" "-profile" "/var/folders/pm/_byjqf3d2pq76thgssxljxnw0000gn/T/rust_mozprofilexdCW2b"
*** You are running in headless mode.
console.warn: services.settings: Ignoring preference override of remote settings server
console.warn: services.settings: Allow by setting MOZ_REMOTE_SETTINGS_DEVTOOLS=1 in the environment
1695318048752	Marionette	INFO	Marionette enabled
2023-09-21 22:40:49.058 plugin-container[7149:91703] nil host used in call to allowsSpecificHTTPSCertificateForHost
2023-09-21 22:40:49.058 plugin-container[7149:91703] nil host used in call to allowsAnyHTTPSCertificateForHost:
2023-09-21 22:40:49.061 plugin-container[7149:91703] nil host used in call to allowsSpecificHTTPSCertificateForHost
2023-09-21 22:40:49.061 plugin-container[7149:91703] nil host used in call to allowsAnyHTTPSCertificateForHost:
2023-09-21 22:40:49.062 plugin-container[7149:91708] nil host used in call to allowsSpecificHTTPSCertificateForHost
2023-09-21 22:40:49.062 plugin-container[7149:91708] nil host used in call to allowsAnyHTTPSCertificateForHost:
console.error: "Warning: unrecognized command line flag" "-window-size"
console.error: "Warning: unrecognized command line flag" "-disable-blink-features"
console.error: "Warning: unrecognized command line flag" "-lang"
console.error: "Warning: unrecognized command line flag" "-no-sandbox"
console.error: "Warning: unrecognized command line flag" "-remote-allow-hosts"
1695318049173	Marionette	INFO	Listening on port 51653
WebDriver BiDi listening on ws://127.0.0.1:51646
Read port: 51653
1695318049234	RemoteAgent	WARN	TLS certificate errors will be ignored for this session
[GFX1-]: RenderCompositorSWGL failed mapping default framebuffer, no dt
DevTools listening on ws://127.0.0.1:51646/devtools/browser/d8df61d5-572c-4a2b-8c44-fe277165bb32
2023-09-21 22:40:52.826 plugin-container[7156:91955] NSNotificationCenter connection invalid
JavaScript error: https://coldvain.com/ea/d5/72/ead572ab165aad9a839a6c6d01599200.js, line 1: TypeError: _0x3cb2c3[_0x5bf34f(...)] is null
JavaScript error: https://whos.amung.us/pingjs/?k=a6d6d9416362&c=s&x=https%3A%2F%2Fbflix.io%2F&v=29&r=1969&t=https://bflix.io/, line 1: ReferenceError: WAU_r_s is not defined
1695318054789	Marionette	INFO	Stopped listening on port 51653
1695318110174	geckodriver	INFO	Listening on 127.0.0.1:51759
1695318110676	mozrunner::runner	INFO	Running command: MOZ_CRASHREPORTER="1" MOZ_CRASHREPORTER_NO_REPORT="1" MOZ_CRASHREPORTER_SHUTDOWN="1" MOZ_NO_REMOTE="1" "/App ... s" "localhost" "-foreground" "-no-remote" "-profile" "/var/folders/pm/_byjqf3d2pq76thgssxljxnw0000gn/T/rust_mozprofilewBNGdv"
*** You are running in headless mode.
console.warn: services.settings: Ignoring preference override of remote settings server
console.warn: services.settings: Allow by setting MOZ_REMOTE_SETTINGS_DEVTOOLS=1 in the environment
1695318111057	Marionette	INFO	Marionette enabled
console.error: "Warning: unrecognized command line flag" "-window-size"
console.error: "Warning: unrecognized command line flag" "-disable-blink-features"
console.error: "Warning: unrecognized command line flag" "-lang"
console.error: "Warning: unrecognized command line flag" "-no-sandbox"
console.error: "Warning: unrecognized command line flag" "-remote-allow-hosts"
1695318111384	Marionette	INFO	Listening on port 51767
Read port: 51767
2023-09-21 22:41:51.541 plugin-container[7241:93064] nil host used in call to allowsSpecificHTTPSCertificateForHost
2023-09-21 22:41:51.541 plugin-container[7241:93064] nil host used in call to allowsAnyHTTPSCertificateForHost:
2023-09-21 22:41:51.546 plugin-container[7241:93064] nil host used in call to allowsSpecificHTTPSCertificateForHost
2023-09-21 22:41:51.546 plugin-container[7241:93064] nil host used in call to allowsAnyHTTPSCertificateForHost:
2023-09-21 22:41:51.547 plugin-container[7241:93067] nil host used in call to allowsSpecificHTTPSCertificateForHost
2023-09-21 22:41:51.547 plugin-container[7241:93067] nil host used in call to allowsAnyHTTPSCertificateForHost:
WebDriver BiDi listening on ws://127.0.0.1:51760
1695318111657	RemoteAgent	WARN	TLS certificate errors will be ignored for this session
[GFX1-]: RenderCompositorSWGL failed mapping default framebuffer, no dt
DevTools listening on ws://127.0.0.1:51760/devtools/browser/dd5b9aa5-2e1f-4934-820d-5d8ee0b18171
2023-09-21 22:41:55.828 plugin-container[7244:93227] NSNotificationCenter connection invalid
JavaScript error: https://coldvain.com/ea/d5/72/ead572ab165aad9a839a6c6d01599200.js, line 1: TypeError: _0x103068.parentNode is null
JavaScript error: https://whos.amung.us/pingjs/?k=a6d6d9416362&c=s&x=https%3A%2F%2Fbflix.io%2F&v=29&r=387&t=https://bflix.io/, line 1: ReferenceError: WAU_r_s is not defined
1695318117610	Marionette	INFO	Stopped listening on port 51767
JavaScript warning: https://s3.bunnycdn.ru/assets/t10/min/all.js?650c7690650ae208, line 2: Script terminated by timeout at:
_0x258f@https://s3.bunnycdn.ru/assets/t10/min/all.js?650c7690650ae208:2:94033
S@https://s3.bunnycdn.ru/assets/t10/min/all.js?650c7690650ae208:2:37252
[5]</i[N]/<@https://s3.bunnycdn.ru/assets/t10/min/all.js?650c7690650ae208:2:40303

1695318131947	geckodriver	INFO	Listening on 127.0.0.1:51866
1695318132462	mozrunner::runner	INFO	Running command: MOZ_CRASHREPORTER="1" MOZ_CRASHREPORTER_NO_REPORT="1" MOZ_CRASHREPORTER_SHUTDOWN="1" MOZ_NO_REMOTE="1" "/App ... s" "localhost" "-foreground" "-no-remote" "-profile" "/var/folders/pm/_byjqf3d2pq76thgssxljxnw0000gn/T/rust_mozprofile5lYl6K"
*** You are running in headless mode.
console.warn: services.settings: Ignoring preference override of remote settings server
console.warn: services.settings: Allow by setting MOZ_REMOTE_SETTINGS_DEVTOOLS=1 in the environment
1695318132832	Marionette	INFO	Marionette enabled
console.error: "Warning: unrecognized command line flag" "-remote-allow-hosts"
1695318133159	Marionette	INFO	Listening on port 51874
Read port: 51874
2023-09-21 22:42:13.190 plugin-container[7309:93681] nil host used in call to allowsSpecificHTTPSCertificateForHost
2023-09-21 22:42:13.190 plugin-container[7309:93681] nil host used in call to allowsAnyHTTPSCertificateForHost:
2023-09-21 22:42:13.194 plugin-container[7309:93681] nil host used in call to allowsSpecificHTTPSCertificateForHost
2023-09-21 22:42:13.194 plugin-container[7309:93681] nil host used in call to allowsAnyHTTPSCertificateForHost:
2023-09-21 22:42:13.194 plugin-container[7309:93691] nil host used in call to allowsSpecificHTTPSCertificateForHost
2023-09-21 22:42:13.194 plugin-container[7309:93691] nil host used in call to allowsAnyHTTPSCertificateForHost:
WebDriver BiDi listening on ws://127.0.0.1:51867
1695318133409	RemoteAgent	WARN	TLS certificate errors will be ignored for this session
[GFX1-]: RenderCompositorSWGL failed mapping default framebuffer, no dt
DevTools listening on ws://127.0.0.1:51867/devtools/browser/d72a46fa-d834-4652-9a28-0691cf92f63b
2023-09-21 22:42:17.144 plugin-container[7312:93830] NSNotificationCenter connection invalid
JavaScript error: https://coldvain.com/ea/d5/72/ead572ab165aad9a839a6c6d01599200.js, line 1: TypeError: _0x3cb2c3[_0x5bf34f(...)] is null
JavaScript error: https://bflix.io/movie/the-quintessential-quintuplets-movie-20r64/1-1, line 12: TypeError: pr is null
JavaScript error: https://whos.amung.us/pingjs/?k=a6d6d9416362&c=s&x=https%3A%2F%2Fbflix.io%2F&v=29&r=6216&t=https://bflix.io/, line 1: ReferenceError: WAU_r_s is not defined
1695318139079	Marionette	INFO	Stopped listening on port 51874
JavaScript error: resource://gre/modules/UrlClassifierListManager.sys.mjs, line 720: TypeError: this.tablesData[table] is undefined
1695318268344	geckodriver	INFO	Listening on 127.0.0.1:51997
1695318268849	mozrunner::runner	INFO	Running command: MOZ_CRASHREPORTER="1" MOZ_CRASHREPORTER_NO_REPORT="1" MOZ_CRASHREPORTER_SHUTDOWN="1" MOZ_NO_REMOTE="1" "/App ... s" "localhost" "-foreground" "-no-remote" "-profile" "/var/folders/pm/_byjqf3d2pq76thgssxljxnw0000gn/T/rust_mozprofile503Tj6"
*** You are running in headless mode.
console.warn: services.settings: Ignoring preference override of remote settings server
console.warn: services.settings: Allow by setting MOZ_REMOTE_SETTINGS_DEVTOOLS=1 in the environment
1695318269216	Marionette	INFO	Marionette enabled
console.error: "Warning: unrecognized command line flag" "-width"
console.error: "Warning: unrecognized command line flag" "-height"
console.error: "Warning: unrecognized command line flag" "-remote-allow-hosts"
1695318269501	Marionette	INFO	Listening on port 52005
Read port: 52005
2023-09-21 22:44:29.658 plugin-container[7433:95143] nil host used in call to allowsSpecificHTTPSCertificateForHost
2023-09-21 22:44:29.658 plugin-container[7433:95143] nil host used in call to allowsAnyHTTPSCertificateForHost:
2023-09-21 22:44:29.664 plugin-container[7433:95143] nil host used in call to allowsSpecificHTTPSCertificateForHost
2023-09-21 22:44:29.664 plugin-container[7433:95143] nil host used in call to allowsAnyHTTPSCertificateForHost:
2023-09-21 22:44:29.664 plugin-container[7433:95141] nil host used in call to allowsSpecificHTTPSCertificateForHost
2023-09-21 22:44:29.664 plugin-container[7433:95141] nil host used in call to allowsAnyHTTPSCertificateForHost:
WebDriver BiDi listening on ws://127.0.0.1:51998
1695318269769	RemoteAgent	WARN	TLS certificate errors will be ignored for this session
[GFX1-]: RenderCompositorSWGL failed mapping default framebuffer, no dt
DevTools listening on ws://127.0.0.1:51998/devtools/browser/b8a8cd4f-4347-463c-9212-5764e22c3f14
2023-09-21 22:44:33.515 plugin-container[7436:95279] NSNotificationCenter connection invalid
JavaScript error: https://coldvain.com/ea/d5/72/ead572ab165aad9a839a6c6d01599200.js, line 1: TypeError: _0x3cb2c3[_0x5bf34f(...)] is null
JavaScript error: https://whos.amung.us/pingjs/?k=a6d6d9416362&c=s&x=https%3A%2F%2Fbflix.io%2F&v=29&r=1693&t=https://bflix.io/, line 1: ReferenceError: WAU_r_s is not defined
1695318275503	Marionette	INFO	Stopped listening on port 52005
JavaScript warning: https://s3.bunnycdn.ru/assets/t10/min/all.js?650c7690650ae208, line 2: Script terminated by timeout at:
_0x258f@https://s3.bunnycdn.ru/assets/t10/min/all.js?650c7690650ae208:2:94033
S@https://s3.bunnycdn.ru/assets/t10/min/all.js?650c7690650ae208:2:37252
[5]</i[N]/<@https://s3.bunnycdn.ru/assets/t10/min/all.js?650c7690650ae208:2:40303

1695318486697	geckodriver	INFO	Listening on 127.0.0.1:52109
1695318487202	mozrunner::runner	INFO	Running command: MOZ_CRASHREPORTER="1" MOZ_CRASHREPORTER_NO_REPORT="1" MOZ_CRASHREPORTER_SHUTDOWN="1" MOZ_NO_REMOTE="1" "/App ... s" "localhost" "-foreground" "-no-remote" "-profile" "/var/folders/pm/_byjqf3d2pq76thgssxljxnw0000gn/T/rust_mozprofilemmzLbo"
*** You are running in headless mode.
console.warn: services.settings: Ignoring preference override of remote settings server
console.warn: services.settings: Allow by setting MOZ_REMOTE_SETTINGS_DEVTOOLS=1 in the environment
1695318487568	Marionette	INFO	Marionette enabled
console.error: "Warning: unrecognized command line flag" "-width"
console.error: "Warning: unrecognized command line flag" "-height"
console.error: "Warning: unrecognized command line flag" "-lang"
console.error: "Warning: unrecognized command line flag" "-no-sandbox"
2023-09-21 22:48:08.025 plugin-container[7556:97093] nil host used in call to allowsSpecificHTTPSCertificateForHost
2023-09-21 22:48:08.025 plugin-container[7556:97093] nil host used in call to allowsAnyHTTPSCertificateForHost:
1695318488027	Marionette	INFO	Listening on port 52117
WebDriver BiDi listening on ws://127.0.0.1:52110
2023-09-21 22:48:08.070 plugin-container[7556:97093] nil host used in call to allowsSpecificHTTPSCertificateForHost
2023-09-21 22:48:08.070 plugin-container[7556:97093] nil host used in call to allowsAnyHTTPSCertificateForHost:
2023-09-21 22:48:08.071 plugin-container[7556:97091] nil host used in call to allowsSpecificHTTPSCertificateForHost
2023-09-21 22:48:08.071 plugin-container[7556:97091] nil host used in call to allowsAnyHTTPSCertificateForHost:
Read port: 52117
1695318488246	RemoteAgent	WARN	TLS certificate errors will be ignored for this session
[GFX1-]: RenderCompositorSWGL failed mapping default framebuffer, no dt
DevTools listening on ws://127.0.0.1:52110/devtools/browser/7aee4d7b-d0be-41bd-8c02-ca09f55552c5
2023-09-21 22:48:11.955 plugin-container[7560:97315] NSNotificationCenter connection invalid
JavaScript error: https://coldvain.com/ea/d5/72/ead572ab165aad9a839a6c6d01599200.js, line 1: TypeError: _0x3cb2c3[_0x5bf34f(...)] is null
JavaScript error: https://bflix.io/movie/the-quintessential-quintuplets-movie-20r64/1-1, line 12: TypeError: pr is null
JavaScript error: https://whos.amung.us/pingjs/?k=a6d6d9416362&c=s&x=https%3A%2F%2Fbflix.io%2F&v=29&r=4190&t=https://bflix.io/, line 1: ReferenceError: WAU_r_s is not defined
1695318493949	Marionette	INFO	Stopped listening on port 52117
JavaScript warning: https://s3.bunnycdn.ru/assets/t10/min/all.js?650c7690650ae208, line 2: Script terminated by timeout at:
_0x258f@https://s3.bunnycdn.ru/assets/t10/min/all.js?650c7690650ae208:2:94033
S@https://s3.bunnycdn.ru/assets/t10/min/all.js?650c7690650ae208:2:37252
[5]</i[N]/<@https://s3.bunnycdn.ru/assets/t10/min/all.js?650c7690650ae208:2:40303

1695318510133	geckodriver	INFO	Listening on 127.0.0.1:52221
1695318510647	mozrunner::runner	INFO	Running command: MOZ_CRASHREPORTER="1" MOZ_CRASHREPORTER_NO_REPORT="1" MOZ_CRASHREPORTER_SHUTDOWN="1" MOZ_NO_REMOTE="1" "/App ... s" "localhost" "-foreground" "-no-remote" "-profile" "/var/folders/pm/_byjqf3d2pq76thgssxljxnw0000gn/T/rust_mozprofileiCfVG3"
*** You are running in headless mode.
console.warn: services.settings: Ignoring preference override of remote settings server
console.warn: services.settings: Allow by setting MOZ_REMOTE_SETTINGS_DEVTOOLS=1 in the environment
1695318511027	Marionette	INFO	Marionette enabled
console.error: "Warning: unrecognized command line flag" "-width"
console.error: "Warning: unrecognized command line flag" "-height"
console.error: "Warning: unrecognized command line flag" "-lang"
console.error: "Warning: unrecognized command line flag" "-remote-allow-hosts"
2023-09-21 22:48:31.504 plugin-container[7623:97779] nil host used in call to allowsSpecificHTTPSCertificateForHost
2023-09-21 22:48:31.504 plugin-container[7623:97779] nil host used in call to allowsAnyHTTPSCertificateForHost:
2023-09-21 22:48:31.509 plugin-container[7623:97779] nil host used in call to allowsSpecificHTTPSCertificateForHost
2023-09-21 22:48:31.509 plugin-container[7623:97779] nil host used in call to allowsAnyHTTPSCertificateForHost:
2023-09-21 22:48:31.509 plugin-container[7623:97794] nil host used in call to allowsSpecificHTTPSCertificateForHost
2023-09-21 22:48:31.509 plugin-container[7623:97794] nil host used in call to allowsAnyHTTPSCertificateForHost:
1695318511582	Marionette	INFO	Listening on port 52229
WebDriver BiDi listening on ws://127.0.0.1:52222
Read port: 52229
1695318511798	RemoteAgent	WARN	TLS certificate errors will be ignored for this session
[GFX1-]: RenderCompositorSWGL failed mapping default framebuffer, no dt
DevTools listening on ws://127.0.0.1:52222/devtools/browser/e0266ffb-a0c2-4b61-81bd-e36cbce24a2f
2023-09-21 22:48:35.315 plugin-container[7626:97973] NSNotificationCenter connection invalid
JavaScript error: https://coldvain.com/ea/d5/72/ead572ab165aad9a839a6c6d01599200.js, line 1: TypeError: _0x3cb2c3[_0x5bf34f(...)] is null
JavaScript error: https://bflix.io/movie/the-quintessential-quintuplets-movie-20r64/1-1, line 12: TypeError: pr is null
JavaScript error: https://whos.amung.us/pingjs/?k=a6d6d9416362&c=s&x=https%3A%2F%2Fbflix.io%2F&v=29&r=5544&t=https://bflix.io/, line 1: ReferenceError: WAU_r_s is not defined
1695318517446	Marionette	INFO	Stopped listening on port 52229
JavaScript warning: https://s3.bunnycdn.ru/assets/t10/min/all.js?650c7690650ae208, line 2: Script terminated by timeout at:
_0x258f@https://s3.bunnycdn.ru/assets/t10/min/all.js?650c7690650ae208:2:94033
S@https://s3.bunnycdn.ru/assets/t10/min/all.js?650c7690650ae208:2:37252
[5]</i[N]/<@https://s3.bunnycdn.ru/assets/t10/min/all.js?650c7690650ae208:2:40303

1695318573768	geckodriver	INFO	Listening on 127.0.0.1:52322
1695318574280	mozrunner::runner	INFO	Running command: MOZ_CRASHREPORTER="1" MOZ_CRASHREPORTER_NO_REPORT="1" MOZ_CRASHREPORTER_SHUTDOWN="1" MOZ_NO_REMOTE="1" "/App ... s" "localhost" "-foreground" "-no-remote" "-profile" "/var/folders/pm/_byjqf3d2pq76thgssxljxnw0000gn/T/rust_mozprofileYyiyBt"
*** You are running in headless mode.
console.warn: services.settings: Ignoring preference override of remote settings server
console.warn: services.settings: Allow by setting MOZ_REMOTE_SETTINGS_DEVTOOLS=1 in the environment
1695318574893	Marionette	INFO	Marionette enabled
console.error: "Warning: unrecognized command line flag" "-width"
console.error: "Warning: unrecognized command line flag" "-height"
console.error: "Warning: unrecognized command line flag" "-lang"
console.error: "Warning: unrecognized command line flag" "-remote-allow-hosts"
1695318575219	Marionette	INFO	Listening on port 52330
Read port: 52330
2023-09-21 22:49:35.315 plugin-container[7697:98734] nil host used in call to allowsSpecificHTTPSCertificateForHost
2023-09-21 22:49:35.315 plugin-container[7697:98734] nil host used in call to allowsAnyHTTPSCertificateForHost:
2023-09-21 22:49:35.322 plugin-container[7697:98734] nil host used in call to allowsSpecificHTTPSCertificateForHost
2023-09-21 22:49:35.322 plugin-container[7697:98734] nil host used in call to allowsAnyHTTPSCertificateForHost:
2023-09-21 22:49:35.322 plugin-container[7697:98742] nil host used in call to allowsSpecificHTTPSCertificateForHost
2023-09-21 22:49:35.322 plugin-container[7697:98742] nil host used in call to allowsAnyHTTPSCertificateForHost:
WebDriver BiDi listening on ws://127.0.0.1:52323
1695318575514	RemoteAgent	WARN	TLS certificate errors will be ignored for this session
[GFX1-]: RenderCompositorSWGL failed mapping default framebuffer, no dt
DevTools listening on ws://127.0.0.1:52323/devtools/browser/6c6730af-c742-40bc-a9d2-379e76af7635
JavaScript error: https://whos.amung.us/pingjs/?k=a6d6d9416362&c=s&x=https%3A%2F%2Fbflix.io%2F&v=29&r=9772&t=https://bflix.io/, line 1: ReferenceError: WAU_r_s is not defined
1695318579824	Marionette	INFO	Stopped listening on port 52330
1695318593993	geckodriver	INFO	Listening on 127.0.0.1:52404
1695318594507	mozrunner::runner	INFO	Running command: MOZ_CRASHREPORTER="1" MOZ_CRASHREPORTER_NO_REPORT="1" MOZ_CRASHREPORTER_SHUTDOWN="1" MOZ_NO_REMOTE="1" "/App ... s" "localhost" "-foreground" "-no-remote" "-profile" "/var/folders/pm/_byjqf3d2pq76thgssxljxnw0000gn/T/rust_mozprofile33JNc0"
*** You are running in headless mode.
console.warn: services.settings: Ignoring preference override of remote settings server
console.warn: services.settings: Allow by setting MOZ_REMOTE_SETTINGS_DEVTOOLS=1 in the environment
1695318594940	Marionette	INFO	Marionette enabled
2023-09-21 22:49:55.276 plugin-container[7765:99348] nil host used in call to allowsSpecificHTTPSCertificateForHost
2023-09-21 22:49:55.277 plugin-container[7765:99348] nil host used in call to allowsAnyHTTPSCertificateForHost:
2023-09-21 22:49:55.280 plugin-container[7765:99348] nil host used in call to allowsSpecificHTTPSCertificateForHost
2023-09-21 22:49:55.280 plugin-container[7765:99348] nil host used in call to allowsAnyHTTPSCertificateForHost:
2023-09-21 22:49:55.280 plugin-container[7765:99355] nil host used in call to allowsSpecificHTTPSCertificateForHost
2023-09-21 22:49:55.280 plugin-container[7765:99355] nil host used in call to allowsAnyHTTPSCertificateForHost:
console.error: "Warning: unrecognized command line flag" "-width"
console.error: "Warning: unrecognized command line flag" "-height"
console.error: "Warning: unrecognized command line flag" "-lang"
console.error: "Warning: unrecognized command line flag" "-remote-allow-hosts"
1695318595416	Marionette	INFO	Listening on port 52412
Read port: 52412
WebDriver BiDi listening on ws://127.0.0.1:52405
1695318595476	RemoteAgent	WARN	TLS certificate errors will be ignored for this session
[GFX1-]: RenderCompositorSWGL failed mapping default framebuffer, no dt
DevTools listening on ws://127.0.0.1:52405/devtools/browser/7d226028-a260-4daf-b100-3a187e1bff45
JavaScript error: https://whos.amung.us/pingjs/?k=a6d6d9416362&c=s&x=https%3A%2F%2Fbflix.io%2F&v=29&r=7354&t=https://bflix.io/, line 1: ReferenceError: WAU_r_s is not defined
1695318600530	Marionette	INFO	Stopped listening on port 52412
JavaScript warning: https://s3.bunnycdn.ru/assets/t10/min/all.js?650c7690650ae208, line 2: Script terminated by timeout at:
_0x258f@https://s3.bunnycdn.ru/assets/t10/min/all.js?650c7690650ae208:2:94033
S@https://s3.bunnycdn.ru/assets/t10/min/all.js?650c7690650ae208:2:37252
[5]</i[N]/<@https://s3.bunnycdn.ru/assets/t10/min/all.js?650c7690650ae208:2:40303

1695318637218	geckodriver	INFO	Listening on 127.0.0.1:52489
1695318637731	mozrunner::runner	INFO	Running command: MOZ_CRASHREPORTER="1" MOZ_CRASHREPORTER_NO_REPORT="1" MOZ_CRASHREPORTER_SHUTDOWN="1" MOZ_NO_REMOTE="1" "/App ... s" "localhost" "-foreground" "-no-remote" "-profile" "/var/folders/pm/_byjqf3d2pq76thgssxljxnw0000gn/T/rust_mozprofilewKY8nN"
*** You are running in headless mode.
console.warn: services.settings: Ignoring preference override of remote settings server
console.warn: services.settings: Allow by setting MOZ_REMOTE_SETTINGS_DEVTOOLS=1 in the environment
1695318638190	Marionette	INFO	Marionette enabled
console.error: "Warning: unrecognized command line flag" "-width"
console.error: "Warning: unrecognized command line flag" "-height"
console.error: "Warning: unrecognized command line flag" "-lang"
console.error: "Warning: unrecognized command line flag" "-remote-allow-hosts"
1695318638494	Marionette	INFO	Listening on port 52497
2023-09-21 22:50:38.543 plugin-container[7864:100100] nil host used in call to allowsSpecificHTTPSCertificateForHost
2023-09-21 22:50:38.543 plugin-container[7864:100100] nil host used in call to allowsAnyHTTPSCertificateForHost:
2023-09-21 22:50:38.548 plugin-container[7864:100100] nil host used in call to allowsSpecificHTTPSCertificateForHost
2023-09-21 22:50:38.548 plugin-container[7864:100100] nil host used in call to allowsAnyHTTPSCertificateForHost:
2023-09-21 22:50:38.548 plugin-container[7864:100113] nil host used in call to allowsSpecificHTTPSCertificateForHost
2023-09-21 22:50:38.548 plugin-container[7864:100113] nil host used in call to allowsAnyHTTPSCertificateForHost:
Read port: 52497
WebDriver BiDi listening on ws://127.0.0.1:52490
1695318638804	RemoteAgent	WARN	TLS certificate errors will be ignored for this session
[GFX1-]: RenderCompositorSWGL failed mapping default framebuffer, no dt
DevTools listening on ws://127.0.0.1:52490/devtools/browser/e7a97e44-c4db-497f-959d-e9c4377186cc
console.error: ({})
1695318641438	Marionette	INFO	Stopped listening on port 52497
1695318663540	geckodriver	INFO	Listening on 127.0.0.1:52540
1695318664047	mozrunner::runner	INFO	Running command: MOZ_CRASHREPORTER="1" MOZ_CRASHREPORTER_NO_REPORT="1" MOZ_CRASHREPORTER_SHUTDOWN="1" MOZ_NO_REMOTE="1" "/App ... s" "localhost" "-foreground" "-no-remote" "-profile" "/var/folders/pm/_byjqf3d2pq76thgssxljxnw0000gn/T/rust_mozprofileErbaD7"
*** You are running in headless mode.
console.warn: services.settings: Ignoring preference override of remote settings server
console.warn: services.settings: Allow by setting MOZ_REMOTE_SETTINGS_DEVTOOLS=1 in the environment
1695318664464	Marionette	INFO	Marionette enabled
console.error: "Warning: unrecognized command line flag" "-width"
console.error: "Warning: unrecognized command line flag" "-height"
console.error: "Warning: unrecognized command line flag" "-lang"
console.error: "Warning: unrecognized command line flag" "-remote-allow-hosts"
1695318665126	Marionette	INFO	Listening on port 52550
Read port: 52550
2023-09-21 22:51:05.277 plugin-container[7925:100766] nil host used in call to allowsSpecificHTTPSCertificateForHost
2023-09-21 22:51:05.278 plugin-container[7925:100766] nil host used in call to allowsAnyHTTPSCertificateForHost:
2023-09-21 22:51:05.282 plugin-container[7925:100766] nil host used in call to allowsSpecificHTTPSCertificateForHost
2023-09-21 22:51:05.282 plugin-container[7925:100766] nil host used in call to allowsAnyHTTPSCertificateForHost:
2023-09-21 22:51:05.282 plugin-container[7925:100771] nil host used in call to allowsSpecificHTTPSCertificateForHost
2023-09-21 22:51:05.282 plugin-container[7925:100771] nil host used in call to allowsAnyHTTPSCertificateForHost:
WebDriver BiDi listening on ws://127.0.0.1:52541
1695318665622	RemoteAgent	WARN	TLS certificate errors will be ignored for this session
[GFX1-]: RenderCompositorSWGL failed mapping default framebuffer, no dt
DevTools listening on ws://127.0.0.1:52541/devtools/browser/4e8d65ce-421e-4a66-8494-cad3fa1174a2
console.error: ({})
1695318668311	Marionette	INFO	Stopped listening on port 52550
1695318700870	geckodriver	INFO	Listening on 127.0.0.1:52585
1695318701380	mozrunner::runner	INFO	Running command: MOZ_CRASHREPORTER="1" MOZ_CRASHREPORTER_NO_REPORT="1" MOZ_CRASHREPORTER_SHUTDOWN="1" MOZ_NO_REMOTE="1" "/App ... s" "localhost" "-foreground" "-no-remote" "-profile" "/var/folders/pm/_byjqf3d2pq76thgssxljxnw0000gn/T/rust_mozprofilep76N7n"
*** You are running in headless mode.
console.warn: services.settings: Ignoring preference override of remote settings server
console.warn: services.settings: Allow by setting MOZ_REMOTE_SETTINGS_DEVTOOLS=1 in the environment
1695318701768	Marionette	INFO	Marionette enabled
console.error: "Warning: unrecognized command line flag" "-width"
console.error: "Warning: unrecognized command line flag" "-height"
console.error: "Warning: unrecognized command line flag" "-lang"
console.error: "Warning: unrecognized command line flag" "-remote-allow-hosts"
1695318702095	Marionette	INFO	Listening on port 52593
2023-09-21 22:51:42.169 plugin-container[7999:101480] nil host used in call to allowsSpecificHTTPSCertificateForHost
2023-09-21 22:51:42.169 plugin-container[7999:101480] nil host used in call to allowsAnyHTTPSCertificateForHost:
2023-09-21 22:51:42.174 plugin-container[7999:101480] nil host used in call to allowsSpecificHTTPSCertificateForHost
2023-09-21 22:51:42.174 plugin-container[7999:101480] nil host used in call to allowsAnyHTTPSCertificateForHost:
2023-09-21 22:51:42.174 plugin-container[7999:101489] nil host used in call to allowsSpecificHTTPSCertificateForHost
2023-09-21 22:51:42.174 plugin-container[7999:101489] nil host used in call to allowsAnyHTTPSCertificateForHost:
Read port: 52593
WebDriver BiDi listening on ws://127.0.0.1:52586
1695318702361	RemoteAgent	WARN	TLS certificate errors will be ignored for this session
[GFX1-]: RenderCompositorSWGL failed mapping default framebuffer, no dt
DevTools listening on ws://127.0.0.1:52586/devtools/browser/9cd51984-9881-4e42-8350-321047461285
2023-09-21 22:51:46.354 plugin-container[8002:101665] NSNotificationCenter connection invalid
JavaScript error: https://coldvain.com/ea/d5/72/ead572ab165aad9a839a6c6d01599200.js, line 1: TypeError: _0x3cb2c3[_0x5bf34f(...)] is null
JavaScript error: https://whos.amung.us/pingjs/?k=a6d6d9416362&c=s&x=https%3A%2F%2Fbflix.io%2F&v=29&r=3031&t=https://bflix.io/, line 1: ReferenceError: WAU_r_s is not defined
1695318708222	Marionette	INFO	Stopped listening on port 52593
JavaScript warning: https://s3.bunnycdn.ru/assets/t10/min/all.js?650c7690650ae208, line 2: Script terminated by timeout at:
_0x258f@https://s3.bunnycdn.ru/assets/t10/min/all.js?650c7690650ae208:2:94033
S@https://s3.bunnycdn.ru/assets/t10/min/all.js?650c7690650ae208:2:37252
[5]</i[N]/<@https://s3.bunnycdn.ru/assets/t10/min/all.js?650c7690650ae208:2:40303

1695318723835	geckodriver	INFO	Listening on 127.0.0.1:52687
1695318724346	mozrunner::runner	INFO	Running command: MOZ_CRASHREPORTER="1" MOZ_CRASHREPORTER_NO_REPORT="1" MOZ_CRASHREPORTER_SHUTDOWN="1" MOZ_NO_REMOTE="1" "/App ... s" "localhost" "-foreground" "-no-remote" "-profile" "/var/folders/pm/_byjqf3d2pq76thgssxljxnw0000gn/T/rust_mozprofileAbmrNQ"
*** You are running in headless mode.
console.warn: services.settings: Ignoring preference override of remote settings server
console.warn: services.settings: Allow by setting MOZ_REMOTE_SETTINGS_DEVTOOLS=1 in the environment
1695318724742	Marionette	INFO	Marionette enabled
2023-09-21 22:52:05.082 plugin-container[8068:102147] nil host used in call to allowsSpecificHTTPSCertificateForHost
2023-09-21 22:52:05.082 plugin-container[8068:102147] nil host used in call to allowsAnyHTTPSCertificateForHost:
2023-09-21 22:52:05.086 plugin-container[8068:102147] nil host used in call to allowsSpecificHTTPSCertificateForHost
2023-09-21 22:52:05.086 plugin-container[8068:102147] nil host used in call to allowsAnyHTTPSCertificateForHost:
2023-09-21 22:52:05.087 plugin-container[8068:102152] nil host used in call to allowsSpecificHTTPSCertificateForHost
2023-09-21 22:52:05.087 plugin-container[8068:102152] nil host used in call to allowsAnyHTTPSCertificateForHost:
console.error: "Warning: unrecognized command line flag" "-width"
console.error: "Warning: unrecognized command line flag" "-height"
console.error: "Warning: unrecognized command line flag" "-lang"
console.error: "Warning: unrecognized command line flag" "-remote-allow-hosts"
1695318725200	Marionette	INFO	Listening on port 52695
WebDriver BiDi listening on ws://127.0.0.1:52688
Read port: 52695
1695318725406	RemoteAgent	WARN	TLS certificate errors will be ignored for this session
[GFX1-]: RenderCompositorSWGL failed mapping default framebuffer, no dt
DevTools listening on ws://127.0.0.1:52688/devtools/browser/c1a343e6-d320-4536-9a10-57de2e256a80
2023-09-21 22:52:08.851 plugin-container[8071:102312] NSNotificationCenter connection invalid
JavaScript error: https://coldvain.com/ea/d5/72/ead572ab165aad9a839a6c6d01599200.js, line 1: TypeError: _0x3cb2c3[_0x5bf34f(...)] is null
JavaScript error: https://whos.amung.us/pingjs/?k=a6d6d9416362&c=s&x=https%3A%2F%2Fbflix.io%2F&v=29&r=4214&t=https://bflix.io/, line 1: ReferenceError: WAU_r_s is not defined
1695318730871	Marionette	INFO	Stopped listening on port 52695
JavaScript warning: https://s3.bunnycdn.ru/assets/t10/min/all.js?650c7690650ae208, line 2: Script terminated by timeout at:
_0x258f@https://s3.bunnycdn.ru/assets/t10/min/all.js?650c7690650ae208:2:94033
S@https://s3.bunnycdn.ru/assets/t10/min/all.js?650c7690650ae208:2:37252
[5]</i[N]/<@https://s3.bunnycdn.ru/assets/t10/min/all.js?650c7690650ae208:2:40303

1695318766483	geckodriver	INFO	Listening on 127.0.0.1:52789
1695318766996	mozrunner::runner	INFO	Running command: MOZ_CRASHREPORTER="1" MOZ_CRASHREPORTER_NO_REPORT="1" MOZ_CRASHREPORTER_SHUTDOWN="1" MOZ_NO_REMOTE="1" "/App ... s" "localhost" "-foreground" "-no-remote" "-profile" "/var/folders/pm/_byjqf3d2pq76thgssxljxnw0000gn/T/rust_mozprofileLZxo5U"
*** You are running in headless mode.
console.warn: services.settings: Ignoring preference override of remote settings server
console.warn: services.settings: Allow by setting MOZ_REMOTE_SETTINGS_DEVTOOLS=1 in the environment
1695318767411	Marionette	INFO	Marionette enabled
console.error: "Warning: unrecognized command line flag" "-width"
console.error: "Warning: unrecognized command line flag" "-height"
console.error: "Warning: unrecognized command line flag" "-lang"
console.error: "Warning: unrecognized command line flag" "-remote-allow-hosts"
1695318767778	Marionette	INFO	Listening on port 52797
Read port: 52797
WebDriver BiDi listening on ws://127.0.0.1:52790
2023-09-21 22:52:47.938 plugin-container[8148:102940] nil host used in call to allowsSpecificHTTPSCertificateForHost
2023-09-21 22:52:47.938 plugin-container[8148:102940] nil host used in call to allowsAnyHTTPSCertificateForHost:
2023-09-21 22:52:47.942 plugin-container[8148:102940] nil host used in call to allowsSpecificHTTPSCertificateForHost
2023-09-21 22:52:47.942 plugin-container[8148:102940] nil host used in call to allowsAnyHTTPSCertificateForHost:
2023-09-21 22:52:47.943 plugin-container[8148:102945] nil host used in call to allowsSpecificHTTPSCertificateForHost
2023-09-21 22:52:47.943 plugin-container[8148:102945] nil host used in call to allowsAnyHTTPSCertificateForHost:
1695318768061	RemoteAgent	WARN	TLS certificate errors will be ignored for this session
[GFX1-]: RenderCompositorSWGL failed mapping default framebuffer, no dt
DevTools listening on ws://127.0.0.1:52790/devtools/browser/8bebdf05-660e-4e10-a99e-806c77c95dd4
2023-09-21 22:52:51.716 plugin-container[8152:103128] NSNotificationCenter connection invalid
JavaScript error: https://coldvain.com/ea/d5/72/ead572ab165aad9a839a6c6d01599200.js, line 1: TypeError: _0x3cb2c3[_0x5bf34f(...)] is null
JavaScript error: https://whos.amung.us/pingjs/?k=a6d6d9416362&c=s&x=https%3A%2F%2Fbflix.io%2F&v=29&r=2453&t=https://bflix.io/, line 1: ReferenceError: WAU_r_s is not defined
1695318773860	Marionette	INFO	Stopped listening on port 52797
1695318816430	geckodriver	INFO	Listening on 127.0.0.1:52895
1695318816943	mozrunner::runner	INFO	Running command: MOZ_CRASHREPORTER="1" MOZ_CRASHREPORTER_NO_REPORT="1" MOZ_CRASHREPORTER_SHUTDOWN="1" MOZ_NO_REMOTE="1" "/App ... s" "localhost" "-foreground" "-no-remote" "-profile" "/var/folders/pm/_byjqf3d2pq76thgssxljxnw0000gn/T/rust_mozprofileZePPia"
*** You are running in headless mode.
console.warn: services.settings: Ignoring preference override of remote settings server
console.warn: services.settings: Allow by setting MOZ_REMOTE_SETTINGS_DEVTOOLS=1 in the environment
1695318817362	Marionette	INFO	Marionette enabled
2023-09-21 22:53:37.709 plugin-container[8241:103753] nil host used in call to allowsSpecificHTTPSCertificateForHost
2023-09-21 22:53:37.709 plugin-container[8241:103753] nil host used in call to allowsAnyHTTPSCertificateForHost:
2023-09-21 22:53:37.713 plugin-container[8241:103753] nil host used in call to allowsSpecificHTTPSCertificateForHost
2023-09-21 22:53:37.713 plugin-container[8241:103753] nil host used in call to allowsAnyHTTPSCertificateForHost:
2023-09-21 22:53:37.714 plugin-container[8241:103758] nil host used in call to allowsSpecificHTTPSCertificateForHost
2023-09-21 22:53:37.714 plugin-container[8241:103758] nil host used in call to allowsAnyHTTPSCertificateForHost:
console.error: "Warning: unrecognized command line flag" "-width"
console.error: "Warning: unrecognized command line flag" "-height"
console.error: "Warning: unrecognized command line flag" "-lang"
console.error: "Warning: unrecognized command line flag" "-remote-allow-hosts"
1695318817843	Marionette	INFO	Listening on port 52903
Read port: 52903
WebDriver BiDi listening on ws://127.0.0.1:52896
1695318817932	RemoteAgent	WARN	TLS certificate errors will be ignored for this session
[GFX1-]: RenderCompositorSWGL failed mapping default framebuffer, no dt
DevTools listening on ws://127.0.0.1:52896/devtools/browser/06bcee5c-400d-4091-897e-cb3c0a00cc21
2023-09-21 22:53:41.747 plugin-container[8244:103936] NSNotificationCenter connection invalid
JavaScript error: https://coldvain.com/ea/d5/72/ead572ab165aad9a839a6c6d01599200.js, line 1: TypeError: _0x3cb2c3[_0x5bf34f(...)] is null
JavaScript error: https://whos.amung.us/pingjs/?k=a6d6d9416362&c=s&x=https%3A%2F%2Fbflix.io%2F&v=29&r=8921&t=https://bflix.io/, line 1: ReferenceError: WAU_r_s is not defined
1695318823709	Marionette	INFO	Stopped listening on port 52903
JavaScript warning: https://s3.bunnycdn.ru/assets/t10/min/all.js?650c7690650ae208, line 2: Script terminated by timeout at:
_0x258f@https://s3.bunnycdn.ru/assets/t10/min/all.js?650c7690650ae208:2:94033
S@https://s3.bunnycdn.ru/assets/t10/min/all.js?650c7690650ae208:2:37252
[5]</i[N]/<@https://s3.bunnycdn.ru/assets/t10/min/all.js?650c7690650ae208:2:40303

1695318852205	geckodriver	INFO	Listening on 127.0.0.1:53004
1695318852712	mozrunner::runner	INFO	Running command: MOZ_CRASHREPORTER="1" MOZ_CRASHREPORTER_NO_REPORT="1" MOZ_CRASHREPORTER_SHUTDOWN="1" MOZ_NO_REMOTE="1" "/App ... s" "localhost" "-foreground" "-no-remote" "-profile" "/var/folders/pm/_byjqf3d2pq76thgssxljxnw0000gn/T/rust_mozprofilemLHNuS"
*** You are running in headless mode.
console.warn: services.settings: Ignoring preference override of remote settings server
console.warn: services.settings: Allow by setting MOZ_REMOTE_SETTINGS_DEVTOOLS=1 in the environment
1695318853091	Marionette	INFO	Marionette enabled
console.error: "Warning: unrecognized command line flag" "-width"
console.error: "Warning: unrecognized command line flag" "-height"
console.error: "Warning: unrecognized command line flag" "-lang"
console.error: "Warning: unrecognized command line flag" "-remote-allow-hosts"
1695318853360	Marionette	INFO	Listening on port 53012
Read port: 53012
2023-09-21 22:54:13.439 plugin-container[8320:104479] nil host used in call to allowsSpecificHTTPSCertificateForHost
2023-09-21 22:54:13.440 plugin-container[8320:104479] nil host used in call to allowsAnyHTTPSCertificateForHost:
2023-09-21 22:54:13.443 plugin-container[8320:104479] nil host used in call to allowsSpecificHTTPSCertificateForHost
2023-09-21 22:54:13.443 plugin-container[8320:104479] nil host used in call to allowsAnyHTTPSCertificateForHost:
2023-09-21 22:54:13.443 plugin-container[8320:104484] nil host used in call to allowsSpecificHTTPSCertificateForHost
2023-09-21 22:54:13.443 plugin-container[8320:104484] nil host used in call to allowsAnyHTTPSCertificateForHost:
WebDriver BiDi listening on ws://127.0.0.1:53005
1695318853623	RemoteAgent	WARN	TLS certificate errors will be ignored for this session
[GFX1-]: RenderCompositorSWGL failed mapping default framebuffer, no dt
DevTools listening on ws://127.0.0.1:53005/devtools/browser/9405e7fa-9007-496e-b020-8a0f4b1e42a6
JavaScript error: https://whos.amung.us/pingjs/?k=a6d6d9416362&c=s&x=https%3A%2F%2Fbflix.io%2F&v=29&r=808&t=https://bflix.io/, line 1: ReferenceError: WAU_r_s is not defined
1695318857947	Marionette	INFO	Stopped listening on port 53012
1695319911714	geckodriver	INFO	Listening on 127.0.0.1:53433
1695319912223	mozrunner::runner	INFO	Running command: MOZ_CRASHREPORTER="1" MOZ_CRASHREPORTER_NO_REPORT="1" MOZ_CRASHREPORTER_SHUTDOWN="1" MOZ_NO_REMOTE="1" "/App ... s" "localhost" "-foreground" "-no-remote" "-profile" "/var/folders/pm/_byjqf3d2pq76thgssxljxnw0000gn/T/rust_mozprofileSwdw3y"
*** You are running in headless mode.
console.warn: services.settings: Ignoring preference override of remote settings server
console.warn: services.settings: Allow by setting MOZ_REMOTE_SETTINGS_DEVTOOLS=1 in the environment
1695319912638	Marionette	INFO	Marionette enabled
console.error: "Warning: unrecognized command line flag" "-width"
console.error: "Warning: unrecognized command line flag" "-height"
console.error: "Warning: unrecognized command line flag" "-lang"
console.error: "Warning: unrecognized command line flag" "-remote-allow-hosts"
1695319913109	Marionette	INFO	Listening on port 53445
WebDriver BiDi listening on ws://127.0.0.1:53434
Read port: 53445
2023-09-21 23:11:53.190 plugin-container[9337:115590] nil host used in call to allowsSpecificHTTPSCertificateForHost
2023-09-21 23:11:53.190 plugin-container[9337:115590] nil host used in call to allowsAnyHTTPSCertificateForHost:
2023-09-21 23:11:53.195 plugin-container[9337:115590] nil host used in call to allowsSpecificHTTPSCertificateForHost
2023-09-21 23:11:53.195 plugin-container[9337:115590] nil host used in call to allowsAnyHTTPSCertificateForHost:
2023-09-21 23:11:53.196 plugin-container[9337:115595] nil host used in call to allowsSpecificHTTPSCertificateForHost
2023-09-21 23:11:53.196 plugin-container[9337:115595] nil host used in call to allowsAnyHTTPSCertificateForHost:
1695319913332	RemoteAgent	WARN	TLS certificate errors will be ignored for this session
[GFX1-]: RenderCompositorSWGL failed mapping default framebuffer, no dt
DevTools listening on ws://127.0.0.1:53434/devtools/browser/b5167590-d4d8-4968-a7bb-b32c516fe9fb
JavaScript error: https://whos.amung.us/pingjs/?k=a6d6d9416362&c=s&x=https%3A%2F%2Fbflix.io%2F&v=29&r=4123&t=https://bflix.io/, line 1: ReferenceError: WAU_r_s is not defined
1695319917559	Marionette	INFO	Stopped listening on port 53445
JavaScript warning: https://s3.bunnycdn.ru/assets/t10/min/all.js?650c84a0650ae208, line 2: Script terminated by timeout at:
_0x258f@https://s3.bunnycdn.ru/assets/t10/min/all.js?650c84a0650ae208:2:94033
S@https://s3.bunnycdn.ru/assets/t10/min/all.js?650c84a0650ae208:2:37252
[5]</i[N]/<@https://s3.bunnycdn.ru/assets/t10/min/all.js?650c84a0650ae208:2:40303

1695319965909	geckodriver	INFO	Listening on 127.0.0.1:53523
1695319966276	mozrunner::runner	INFO	Running command: MOZ_CRASHREPORTER="1" MOZ_CRASHREPORTER_NO_REPORT="1" MOZ_CRASHREPORTER_SHUTDOWN="1" MOZ_NO_REMOTE="1" "/App ... s" "localhost" "-foreground" "-no-remote" "-profile" "/var/folders/pm/_byjqf3d2pq76thgssxljxnw0000gn/T/rust_mozprofileElzale"
*** You are running in headless mode.
console.warn: services.settings: Ignoring preference override of remote settings server
console.warn: services.settings: Allow by setting MOZ_REMOTE_SETTINGS_DEVTOOLS=1 in the environment
1695319966640	Marionette	INFO	Marionette enabled
console.error: "Warning: unrecognized command line flag" "-width"
console.error: "Warning: unrecognized command line flag" "-height"
console.error: "Warning: unrecognized command line flag" "-lang"
console.error: "Warning: unrecognized command line flag" "-remote-allow-hosts"
2023-09-21 23:12:46.964 plugin-container[9407:116510] nil host used in call to allowsSpecificHTTPSCertificateForHost
2023-09-21 23:12:46.964 plugin-container[9407:116510] nil host used in call to allowsAnyHTTPSCertificateForHost:
2023-09-21 23:12:46.968 plugin-container[9407:116510] nil host used in call to allowsSpecificHTTPSCertificateForHost
2023-09-21 23:12:46.968 plugin-container[9407:116510] nil host used in call to allowsAnyHTTPSCertificateForHost:
2023-09-21 23:12:46.969 plugin-container[9407:116506] nil host used in call to allowsSpecificHTTPSCertificateForHost
2023-09-21 23:12:46.969 plugin-container[9407:116506] nil host used in call to allowsAnyHTTPSCertificateForHost:
1695319967073	Marionette	INFO	Listening on port 53531
Read port: 53531
WebDriver BiDi listening on ws://127.0.0.1:53524
1695319967185	RemoteAgent	WARN	TLS certificate errors will be ignored for this session
[GFX1-]: RenderCompositorSWGL failed mapping default framebuffer, no dt
DevTools listening on ws://127.0.0.1:53524/devtools/browser/096aad72-9b1b-462d-80a2-a1a045954d0d
2023-09-21 23:12:51.841 plugin-container[9412:116749] NSNotificationCenter connection invalid
JavaScript error: https://coldvain.com/ea/d5/72/ead572ab165aad9a839a6c6d01599200.js, line 1: TypeError: _0x3cb2c3[_0x5bf34f(...)] is null
JavaScript error: https://whos.amung.us/pingjs/?k=a6d6d9416362&c=s&x=https%3A%2F%2Fbflix.io%2F&v=29&r=2918&t=https://bflix.io/, line 1: ReferenceError: WAU_r_s is not defined
1695319973937	Marionette	INFO	Stopped listening on port 53531
JavaScript warning: https://s3.bunnycdn.ru/assets/t10/min/all.js?650c84a0650ae208, line 2: Script terminated by timeout at:
_0x258f@https://s3.bunnycdn.ru/assets/t10/min/all.js?650c84a0650ae208:2:94033
S@https://s3.bunnycdn.ru/assets/t10/min/all.js?650c84a0650ae208:2:37252
[5]</i[N]/<@https://s3.bunnycdn.ru/assets/t10/min/all.js?650c84a0650ae208:2:40303

